<?xml version="1.0" encoding="UTF-8"?>
<!-- Generated by org.testng.reporters.JUnitReportReporter -->
<testsuite skipped="0" hostname="DESKTOP-61V50HI" name="com.learning.bookTabClasses.BookTabClassTest" tests="1" failures="0" timestamp="18 Oct 2020 08:31:38 GMT" time="6.543" errors="0">
  <testcase name="bookFlights" time="6.543" classname="com.learning.bookTabClasses.BookTabClassTest"/>
</testsuite> <!-- com.learning.bookTabClasses.BookTabClassTest -->
